This is XeTeX, Version 3.141592653-2.6-0.999993 (TeX Live 2022/dev/Debian) (preloaded format=xelatex 2022.8.27)  15 OCT 2022 05:22
entering extended mode
 restricted \write18 enabled.
 %&-line parsing enabled.
**nendro.tex
(./nendro.tex
LaTeX2e <2021-11-15> patch level 1
L3 programming layer <2022-01-21>
(/usr/share/texlive/texmf-dist/tex/latex/base/article.cls
Document Class: article 2021/10/04 v1.4n Standard LaTeX document class
(/usr/share/texlive/texmf-dist/tex/latex/base/size10.clo
File: size10.clo 2021/10/04 v1.4n Standard LaTeX file (size option)
)
\c@part=\count181
\c@section=\count182
\c@subsection=\count183
\c@subsubsection=\count184
\c@paragraph=\count185
\c@subparagraph=\count186
\c@figure=\count187
\c@table=\count188
\abovecaptionskip=\skip47
\belowcaptionskip=\skip48
\bibindent=\dimen138
) (./synrc.tex
(/usr/share/texlive/texmf-dist/tex/generic/babel/babel.sty
Package: babel 2022/01/26 3.70 The Babel package
\babel@savecnt=\count189
\U@D=\dimen139
\l@unhyphenated=\language87

(/usr/share/texlive/texmf-dist/tex/generic/babel/xebabel.def
(/usr/share/texlive/texmf-dist/tex/generic/babel/txtbabel.def))
\bbl@readstream=\read2
\bbl@dirlevel=\count190

(/usr/share/texlive/texmf-dist/tex/generic/babel-english/english.ldf
Language: english 2017/06/06 v3.3r English support from the babel system
Package babel Info: Hyphen rules for 'canadian' set to \l@english
(babel)             (\language0). Reported on input line 102.
Package babel Info: Hyphen rules for 'australian' set to \l@ukenglish
(babel)             (\language78). Reported on input line 105.
Package babel Info: Hyphen rules for 'newzealand' set to \l@ukenglish
(babel)             (\language78). Reported on input line 108.
)
(/usr/share/texlive/texmf-dist/tex/generic/babel-russian/russianb.ldf
File: russianb.ldf 2021/01/10 1.3m Russian support for the Babel system
Language: russian 2020/09/09 1.3k Russian support for the Babel system
Package babel Info: Making " an active character on input line 124.
Package babel Info: Default for \cyrdash is provided on input line 163.
))
(/usr/share/texlive/texmf-dist/tex/latex/fontspec/fontspec.sty
(/usr/share/texlive/texmf-dist/tex/latex/l3packages/xparse/xparse.sty
(/usr/share/texlive/texmf-dist/tex/latex/l3kernel/expl3.sty
Package: expl3 2022-01-21 L3 programming layer (loader) 

(/usr/share/texlive/texmf-dist/tex/latex/l3backend/l3backend-xetex.def
File: l3backend-xetex.def 2022-01-12 L3 backend support: XeTeX

(|extractbb --version)
\c__kernel_sys_dvipdfmx_version_int=\count191
\l__color_backend_stack_int=\count192
\g__color_backend_stack_int=\count193
\g__graphics_track_int=\count194
\l__pdf_internal_box=\box50
\g__pdf_backend_object_int=\count195
\g__pdf_backend_annotation_int=\count196
\g__pdf_backend_link_int=\count197
))
Package: xparse 2022-01-12 L3 Experimental document command parser
)
Package: fontspec 2022/01/15 v2.8a Font selection for XeLaTeX and LuaLaTeX

(/usr/share/texlive/texmf-dist/tex/latex/fontspec/fontspec-xetex.sty
Package: fontspec-xetex 2022/01/15 v2.8a Font selection for XeLaTeX and LuaLaTe
X
\l__fontspec_script_int=\count198
\l__fontspec_language_int=\count199
\l__fontspec_strnum_int=\count266
\l__fontspec_tmp_int=\count267
\l__fontspec_tmpa_int=\count268
\l__fontspec_tmpb_int=\count269
\l__fontspec_tmpc_int=\count270
\l__fontspec_em_int=\count271
\l__fontspec_emdef_int=\count272
\l__fontspec_strong_int=\count273
\l__fontspec_strongdef_int=\count274
\l__fontspec_tmpa_dim=\dimen140
\l__fontspec_tmpb_dim=\dimen141
\l__fontspec_tmpc_dim=\dimen142

(/usr/share/texlive/texmf-dist/tex/latex/base/fontenc.sty
Package: fontenc 2021/04/29 v2.0v Standard LaTeX package
)
(/usr/share/texlive/texmf-dist/tex/latex/fontspec/fontspec.cfg)))
(/usr/share/texlive/texmf-dist/tex/latex/hyphenat/hyphenat.sty
Package: hyphenat 2009/09/02 v2.3c hyphenation utilities
\langwohyphens=\language88
LaTeX Info: Redefining \_ on input line 43.
)
(/usr/share/texlive/texmf-dist/tex/latex/geometry/geometry.sty
Package: geometry 2020/01/02 v5.9 Page Geometry

(/usr/share/texlive/texmf-dist/tex/latex/graphics/keyval.sty
Package: keyval 2014/10/28 v1.15 key=value parser (DPC)
\KV@toks@=\toks16
)
(/usr/share/texlive/texmf-dist/tex/generic/iftex/ifvtex.sty
Package: ifvtex 2019/10/25 v1.7 ifvtex legacy package. Use iftex instead.

(/usr/share/texlive/texmf-dist/tex/generic/iftex/iftex.sty
Package: iftex 2020/03/06 v1.0d TeX engine tests
))
\Gm@cnth=\count275
\Gm@cntv=\count276
\c@Gm@tempcnt=\count277
\Gm@bindingoffset=\dimen143
\Gm@wd@mp=\dimen144
\Gm@odd@mp=\dimen145
\Gm@even@mp=\dimen146
\Gm@layoutwidth=\dimen147
\Gm@layoutheight=\dimen148
\Gm@layouthoffset=\dimen149
\Gm@layoutvoffset=\dimen150
\Gm@dimlist=\toks17
)
\tindent=\skip49
)

LaTeX Warning: Unused global option(s):
    [8pt].

(./nendro.aux (./copy.aux) (./speech.aux) (./invocation.aux)
(./four.thoughts.aux) (./refuge.aux) (./bodhicitta.aux) (./purification.aux)
(./mandala.aux) (./kusali.aux) (./guruyoga.aux) (./lineage.aux)
(./empowerments.aux) (./finalization.aux))
\openout1 = `nendro.aux'.

LaTeX Font Info:    Checking defaults for OML/cmm/m/it on input line 5.
LaTeX Font Info:    ... okay on input line 5.
LaTeX Font Info:    Checking defaults for OMS/cmsy/m/n on input line 5.
LaTeX Font Info:    ... okay on input line 5.
LaTeX Font Info:    Checking defaults for OT1/cmr/m/n on input line 5.
LaTeX Font Info:    ... okay on input line 5.
LaTeX Font Info:    Checking defaults for T1/cmr/m/n on input line 5.
LaTeX Font Info:    ... okay on input line 5.
LaTeX Font Info:    Checking defaults for TS1/cmr/m/n on input line 5.
LaTeX Font Info:    Trying to load font information for TS1+cmr on input line 5
.

(/usr/share/texlive/texmf-dist/tex/latex/base/ts1cmr.fd
File: ts1cmr.fd 2019/12/16 v2.5j Standard LaTeX font definitions
)
LaTeX Font Info:    ... okay on input line 5.
LaTeX Font Info:    Checking defaults for TU/lmr/m/n on input line 5.
LaTeX Font Info:    ... okay on input line 5.
LaTeX Font Info:    Checking defaults for OMX/cmex/m/n on input line 5.
LaTeX Font Info:    ... okay on input line 5.
LaTeX Font Info:    Checking defaults for U/cmr/m/n on input line 5.
LaTeX Font Info:    ... okay on input line 5.
LaTeX Info: Redefining \th on input line 5.

Package fontspec Info: Adjusting the maths setup (use [no-math] to avoid
(fontspec)             this).

\symlegacymaths=\mathgroup4
LaTeX Font Info:    Overwriting symbol font `legacymaths' in version `bold'
(Font)                  OT1/cmr/m/n --> OT1/cmr/bx/n on input line 5.
LaTeX Font Info:    Redeclaring math accent \acute on input line 5.
LaTeX Font Info:    Redeclaring math accent \grave on input line 5.
LaTeX Font Info:    Redeclaring math accent \ddot on input line 5.
LaTeX Font Info:    Redeclaring math accent \tilde on input line 5.
LaTeX Font Info:    Redeclaring math accent \bar on input line 5.
LaTeX Font Info:    Redeclaring math accent \breve on input line 5.
LaTeX Font Info:    Redeclaring math accent \check on input line 5.
LaTeX Font Info:    Redeclaring math accent \hat on input line 5.
LaTeX Font Info:    Redeclaring math accent \dot on input line 5.
LaTeX Font Info:    Redeclaring math accent \mathring on input line 5.
LaTeX Font Info:    Redeclaring math symbol \colon on input line 5.
LaTeX Font Info:    Redeclaring math symbol \Gamma on input line 5.
LaTeX Font Info:    Redeclaring math symbol \Delta on input line 5.
LaTeX Font Info:    Redeclaring math symbol \Theta on input line 5.
LaTeX Font Info:    Redeclaring math symbol \Lambda on input line 5.
LaTeX Font Info:    Redeclaring math symbol \Xi on input line 5.
LaTeX Font Info:    Redeclaring math symbol \Pi on input line 5.
LaTeX Font Info:    Redeclaring math symbol \Sigma on input line 5.
LaTeX Font Info:    Redeclaring math symbol \Upsilon on input line 5.
LaTeX Font Info:    Redeclaring math symbol \Phi on input line 5.
LaTeX Font Info:    Redeclaring math symbol \Psi on input line 5.
LaTeX Font Info:    Redeclaring math symbol \Omega on input line 5.
LaTeX Font Info:    Redeclaring math symbol \mathdollar on input line 5.
LaTeX Font Info:    Redeclaring symbol font `operators' on input line 5.
LaTeX Font Info:    Encoding `OT1' has changed to `TU' for symbol font
(Font)              `operators' in the math version `normal' on input line 5.
LaTeX Font Info:    Overwriting symbol font `operators' in version `normal'
(Font)                  OT1/cmr/m/n --> TU/lmr/m/n on input line 5.
LaTeX Font Info:    Encoding `OT1' has changed to `TU' for symbol font
(Font)              `operators' in the math version `bold' on input line 5.
LaTeX Font Info:    Overwriting symbol font `operators' in version `bold'
(Font)                  OT1/cmr/bx/n --> TU/lmr/m/n on input line 5.
LaTeX Font Info:    Overwriting symbol font `operators' in version `normal'
(Font)                  TU/lmr/m/n --> TU/lmr/m/n on input line 5.
LaTeX Font Info:    Overwriting math alphabet `\mathit' in version `normal'
(Font)                  OT1/cmr/m/it --> TU/lmr/m/it on input line 5.
LaTeX Font Info:    Overwriting math alphabet `\mathbf' in version `normal'
(Font)                  OT1/cmr/bx/n --> TU/lmr/b/n on input line 5.
LaTeX Font Info:    Overwriting math alphabet `\mathsf' in version `normal'
(Font)                  OT1/cmss/m/n --> TU/lmss/m/n on input line 5.
LaTeX Font Info:    Overwriting math alphabet `\mathtt' in version `normal'
(Font)                  OT1/cmtt/m/n --> TU/lmtt/m/n on input line 5.
LaTeX Font Info:    Overwriting symbol font `operators' in version `bold'
(Font)                  TU/lmr/m/n --> TU/lmr/b/n on input line 5.
LaTeX Font Info:    Overwriting math alphabet `\mathit' in version `bold'
(Font)                  OT1/cmr/bx/it --> TU/lmr/b/it on input line 5.
LaTeX Font Info:    Overwriting math alphabet `\mathsf' in version `bold'
(Font)                  OT1/cmss/bx/n --> TU/lmss/b/n on input line 5.
LaTeX Font Info:    Overwriting math alphabet `\mathtt' in version `bold'
(Font)                  OT1/cmtt/m/n --> TU/lmtt/b/n on input line 5.

*geometry* driver: auto-detecting
*geometry* detected driver: xetex
*geometry* verbose mode - [ preamble ] result:
* driver: xetex
* paper: custom
* layout: <same size as paper>
* layoutoffset:(h,v)=(0.0pt,0.0pt)
* modes: twoside 
* h-part:(L,W,R)=(42.67912pt, 310.13506pt, 51.21495pt)
* v-part:(T,H,B)=(51.21495pt, 445.57019pt, 72.26997pt)
* \paperwidth=404.02913pt
* \paperheight=569.05511pt
* \textwidth=310.13506pt
* \textheight=445.57019pt
* \oddsidemargin=-29.59087pt
* \evensidemargin=-21.05504pt
* \topmargin=-58.05504pt
* \headheight=12.0pt
* \headsep=25.0pt
* \topskip=10.0pt
* \footskip=30.0pt
* \marginparwidth=121.0pt
* \marginparsep=11.0pt
* \columnsep=10.0pt
* \skip\footins=9.0pt plus 4.0pt minus 2.0pt
* \hoffset=0.0pt
* \voffset=0.0pt
* \mag=1000
* \@twocolumnfalse
* \@twosidetrue
* \@mparswitchtrue
* \@reversemarginfalse
* (1in=72.27pt=25.4mm, 1cm=28.453pt)


Package fontspec Info: Could not resolve font "Geometria/BI" (it probably
(fontspec)             doesn't exist).


Package fontspec Info: Could not resolve font "Geometria/B" (it probably
(fontspec)             doesn't exist).


Package fontspec Info: Could not resolve font "Geometria/I" (it probably
(fontspec)             doesn't exist).


Package fontspec Info: Font family 'Geometria(0)' created for font 'Geometria'
(fontspec)             with options [].
(fontspec)              
(fontspec)              This font family consists of the following NFSS
(fontspec)             series/shapes:
(fontspec)              
(fontspec)             - 'normal' (m/n) with NFSS spec.:
(fontspec)             <->"Geometria/OT:script=latn;language=dflt;"
(fontspec)             - 'small caps'  (m/sc) with NFSS spec.: 


Package fontspec Info: Could not resolve font "Geometria/BI" (it probably
(fontspec)             doesn't exist).


Package fontspec Info: Could not resolve font "Geometria/B" (it probably
(fontspec)             doesn't exist).


Package fontspec Info: Could not resolve font "Geometria/I" (it probably
(fontspec)             doesn't exist).


Package fontspec Info: Font family 'Geometria(1)' created for font 'Geometria'
(fontspec)             with options [Ligatures=TeX].
(fontspec)              
(fontspec)              This font family consists of the following NFSS
(fontspec)             series/shapes:
(fontspec)              
(fontspec)             - 'normal' (m/n) with NFSS spec.:
(fontspec)             <->"Geometria/OT:script=latn;language=dflt;mapping=tex-t
ext;"
(fontspec)             - 'small caps'  (m/sc) with NFSS spec.: 


Package fontspec Info: Could not resolve font "DDC Uchen/BI" (it probably
(fontspec)             doesn't exist).


Package fontspec Info: Could not resolve font "DDC Uchen/B" (it probably
(fontspec)             doesn't exist).


Package fontspec Info: Could not resolve font "DDC Uchen/I" (it probably
(fontspec)             doesn't exist).


Package fontspec Info: Font family 'DDCUchen(0)' created for font 'DDC Uchen'
(fontspec)             with options [Ligatures=TeX].
(fontspec)              
(fontspec)              This font family consists of the following NFSS
(fontspec)             series/shapes:
(fontspec)              
(fontspec)             - 'normal' (m/n) with NFSS spec.: <->"DDC
(fontspec)             Uchen/OT:script=DFLT;language=dflt;mapping=tex-text;"
(fontspec)             - 'small caps'  (m/sc) with NFSS spec.: 


LaTeX Font Warning: Font shape `TU/DDCUchen(0)/m/sc' undefined
(Font)              using `TU/DDCUchen(0)/m/n' instead on input line 6.


LaTeX Font Warning: Font shape `TU/Geometria(1)/m/sc' undefined
(Font)              using `TU/Geometria(1)/m/n' instead on input line 6.


Underfull \hbox (badness 10000) in paragraph at lines 6--6

 []


Underfull \hbox (badness 10000) in paragraph at lines 6--6

 []


Underfull \hbox (badness 10000) in paragraph at lines 6--6

 []


Underfull \hbox (badness 10000) in paragraph at lines 6--6

 []

LaTeX Font Info:    External font `cmex10' loaded for size
(Font)              <7> on input line 6.
LaTeX Font Info:    External font `cmex10' loaded for size
(Font)              <5> on input line 6.
[1

]
\openout2 = `copy.aux'.

 (./copy.tex

LaTeX Font Warning: Font shape `TU/Geometria(1)/b/n' undefined
(Font)              using `TU/Geometria(1)/m/n' instead on input line 4.


Underfull \hbox (badness 10000) in paragraph at lines 6--39

 []


Underfull \hbox (badness 10000) in paragraph at lines 6--39

 []


Underfull \hbox (badness 10000) in paragraph at lines 6--39

 []


Underfull \hbox (badness 10000) in paragraph at lines 6--39

 []


Underfull \hbox (badness 10000) in paragraph at lines 6--39

 []


Underfull \hbox (badness 10000) in paragraph at lines 6--39

 []


Underfull \hbox (badness 10000) in paragraph at lines 6--39

 []


Underfull \hbox (badness 10000) in paragraph at lines 6--39

 []


Underfull \hbox (badness 10000) in paragraph at lines 6--39

 []


Underfull \hbox (badness 10000) in paragraph at lines 6--39

 []


Underfull \hbox (badness 10000) in paragraph at lines 6--39

 []


Underfull \hbox (badness 10000) in paragraph at lines 6--39

 []


Underfull \hbox (badness 10000) in paragraph at lines 6--39

 []


Underfull \hbox (badness 10000) in paragraph at lines 6--39

 []


Underfull \hbox (badness 10000) in paragraph at lines 6--39

 []


Underfull \hbox (badness 10000) in paragraph at lines 6--39

 []


Underfull \hbox (badness 10000) in paragraph at lines 6--39

 []


Underfull \hbox (badness 10000) in paragraph at lines 6--39

 []


Underfull \hbox (badness 10000) in paragraph at lines 6--39

 []

) [2

] (./nendro.toc [3


])
\tf@toc=\write3
\openout3 = `nendro.toc'.

 [4]
\openout2 = `speech.aux'.

 (./speech.tex
Underfull \hbox (badness 10000) in paragraph at lines 3--10

 []


Underfull \hbox (badness 10000) in paragraph at lines 3--10

 []


Underfull \hbox (badness 10000) in paragraph at lines 3--10

 []


Underfull \hbox (badness 10000) in paragraph at lines 11--23

 []


! LaTeX Error: There's no line here to end.

See the LaTeX manual or LaTeX Companion for explanation.
Type  H <return>  for immediate help.
 ...                                              
                                                  
l.25 \\
       
Your command was ignored.
Type  I <command> <return>  to replace it with another command,
or  <return>  to continue without it.


! LaTeX Error: There's no line here to end.

See the LaTeX manual or LaTeX Companion for explanation.
Type  H <return>  for immediate help.
 ...                                              
                                                  
l.26 \vspace
            {0.5cm}
Your command was ignored.
Type  I <command> <return>  to replace it with another command,
or  <return>  to continue without it.


! LaTeX Error: There's no line here to end.

See the LaTeX manual or LaTeX Companion for explanation.
Type  H <return>  for immediate help.
 ...                                              
                                                  
l.28 \scriptsize
                
Your command was ignored.
Type  I <command> <return>  to replace it with another command,
or  <return>  to continue without it.


Underfull \hbox (badness 10000) in paragraph at lines 29--32

 []


Underfull \hbox (badness 10000) in paragraph at lines 29--32

 []

[5

]

! LaTeX Error: There's no line here to end.

See the LaTeX manual or LaTeX Companion for explanation.
Type  H <return>  for immediate help.
 ...                                              
                                                  
l.37 \ti
        
Your command was ignored.
Type  I <command> <return>  to replace it with another command,
or  <return>  to continue without it.


Underfull \hbox (badness 10000) in paragraph at lines 38--49

 []


Underfull \hbox (badness 10000) in paragraph at lines 38--49

 []


Underfull \hbox (badness 10000) in paragraph at lines 50--60

 []

[6]

! LaTeX Error: There's no line here to end.

See the LaTeX manual or LaTeX Companion for explanation.
Type  H <return>  for immediate help.
 ...                                              
                                                  
l.64 \ti
        
Your command was ignored.
Type  I <command> <return>  to replace it with another command,
or  <return>  to continue without it.


Underfull \hbox (badness 10000) in paragraph at lines 65--70

 []


Underfull \hbox (badness 10000) in paragraph at lines 65--70

 []


Underfull \hbox (badness 10000) in paragraph at lines 65--70

 []


! LaTeX Error: There's no line here to end.

See the LaTeX manual or LaTeX Companion for explanation.
Type  H <return>  for immediate help.
 ...                                              
                                                  
l.72 \ti
        
Your command was ignored.
Type  I <command> <return>  to replace it with another command,
or  <return>  to continue without it.


Underfull \hbox (badness 10000) in paragraph at lines 73--89

 []


Underfull \hbox (badness 10000) in paragraph at lines 73--89

 []

[7]

! LaTeX Error: There's no line here to end.

See the LaTeX manual or LaTeX Companion for explanation.
Type  H <return>  for immediate help.
 ...                                              
                                                  
l.92 \ti
        
Your command was ignored.
Type  I <command> <return>  to replace it with another command,
or  <return>  to continue without it.


Underfull \hbox (badness 10000) in paragraph at lines 93--101

 []


Underfull \hbox (badness 10000) in paragraph at lines 93--101

 []


! LaTeX Error: There's no line here to end.

See the LaTeX manual or LaTeX Companion for explanation.
Type  H <return>  for immediate help.
 ...                                              
                                                  
l.104 \ti
         
Your command was ignored.
Type  I <command> <return>  to replace it with another command,
or  <return>  to continue without it.

)
Underfull \hbox (badness 10000) in paragraph at lines 105--9

 []


Underfull \hbox (badness 10000) in paragraph at lines 105--9

 []


Underfull \hbox (badness 10000) in paragraph at lines 105--9

 []


Underfull \hbox (badness 10000) in paragraph at lines 105--9

 []


Underfull \hbox (badness 10000) in paragraph at lines 105--9

 []

[8]
\openout2 = `invocation.aux'.

 (./invocation.tex

! LaTeX Error: There's no line here to end.

See the LaTeX manual or LaTeX Companion for explanation.
Type  H <return>  for immediate help.
 ...                                              
                                                  
l.3 \ti
       
Your command was ignored.
Type  I <command> <return>  to replace it with another command,
or  <return>  to continue without it.

)
Underfull \hbox (badness 10000) in paragraph at lines 4--10

 []


Underfull \hbox (badness 10000) in paragraph at lines 4--10

 []


Underfull \hbox (badness 10000) in paragraph at lines 4--10

 []


Underfull \hbox (badness 10000) in paragraph at lines 4--10

 []


Underfull \hbox (badness 10000) in paragraph at lines 4--10

 []


Underfull \hbox (badness 10000) in paragraph at lines 4--10

 []


Underfull \hbox (badness 10000) in paragraph at lines 4--10

 []

[9



]
\openout2 = `four.thoughts.aux'.

 (./four.thoughts.tex

! LaTeX Error: There's no line here to end.

See the LaTeX manual or LaTeX Companion for explanation.
Type  H <return>  for immediate help.
 ...                                              
                                                  
l.4 \subsection
               {Свободи та переваги людського народження}
Your command was ignored.
Type  I <command> <return>  to replace it with another command,
or  <return>  to continue without it.


! LaTeX Error: There's no line here to end.

See the LaTeX manual or LaTeX Companion for explanation.
Type  H <return>  for immediate help.
 ...                                              
                                                  
l.6 \subsection
               *{Вісім свобод}
Your command was ignored.
Type  I <command> <return>  to replace it with another command,
or  <return>  to continue without it.


! LaTeX Error: There's no line here to end.

See the LaTeX manual or LaTeX Companion for explanation.
Type  H <return>  for immediate help.
 ...                                              
                                                  
l.8 \ti
       
Your command was ignored.
Type  I <command> <return>  to replace it with another command,
or  <return>  to continue without it.


Underfull \hbox (badness 10000) in paragraph at lines 9--21

 []


Underfull \hbox (badness 10000) in paragraph at lines 9--21

 []

[10



]

! LaTeX Error: There's no line here to end.

See the LaTeX manual or LaTeX Companion for explanation.
Type  H <return>  for immediate help.
 ...                                              
                                                  
l.25 \ti
        
Your command was ignored.
Type  I <command> <return>  to replace it with another command,
or  <return>  to continue without it.


Underfull \hbox (badness 10000) in paragraph at lines 26--52

 []


Underfull \hbox (badness 10000) in paragraph at lines 26--52

 []


Underfull \hbox (badness 10000) in paragraph at lines 26--52

 []


Underfull \hbox (badness 10000) in paragraph at lines 26--52

 []

[11]
Underfull \hbox (badness 10000) in paragraph at lines 55--82

 []


Underfull \hbox (badness 10000) in paragraph at lines 55--82

 []


Underfull \hbox (badness 10000) in paragraph at lines 55--82

 []


Underfull \hbox (badness 10000) in paragraph at lines 55--82

 []

[12]

! LaTeX Error: There's no line here to end.

See the LaTeX manual or LaTeX Companion for explanation.
Type  H <return>  for immediate help.
 ...                                              
                                                  
l.86 \ti
        
Your command was ignored.
Type  I <command> <return>  to replace it with another command,
or  <return>  to continue without it.


Underfull \hbox (badness 10000) in paragraph at lines 87--111

 []


Underfull \hbox (badness 10000) in paragraph at lines 87--111

 []


Underfull \hbox (badness 10000) in paragraph at lines 87--111

 []


Underfull \hbox (badness 10000) in paragraph at lines 87--111

 []

[13]

! LaTeX Error: There's no line here to end.

See the LaTeX manual or LaTeX Companion for explanation.
Type  H <return>  for immediate help.
 ...                                              
                                                  
l.115 \ti
         
Your command was ignored.
Type  I <command> <return>  to replace it with another command,
or  <return>  to continue without it.


Underfull \hbox (badness 10000) in paragraph at lines 116--136

 []


Underfull \hbox (badness 10000) in paragraph at lines 116--136

 []


Underfull \hbox (badness 10000) in paragraph at lines 116--136

 []


Underfull \hbox (badness 10000) in paragraph at lines 116--136

 []

[14]
Underfull \hbox (badness 10000) in paragraph at lines 140--166

 []


Underfull \hbox (badness 10000) in paragraph at lines 140--166

 []


Underfull \hbox (badness 10000) in paragraph at lines 140--166

 []


Underfull \hbox (badness 10000) in paragraph at lines 140--166

 []

[15]

! LaTeX Error: There's no line here to end.

See the LaTeX manual or LaTeX Companion for explanation.
Type  H <return>  for immediate help.
 ...                                              
                                                  
l.170 \ti
         
Your command was ignored.
Type  I <command> <return>  to replace it with another command,
or  <return>  to continue without it.


Underfull \hbox (badness 10000) in paragraph at lines 171--176

 []


Underfull \hbox (badness 10000) in paragraph at lines 171--176

 []


! LaTeX Error: There's no line here to end.

See the LaTeX manual or LaTeX Companion for explanation.
Type  H <return>  for immediate help.
 ...                                              
                                                  
l.181 \ti
         
Your command was ignored.
Type  I <command> <return>  to replace it with another command,
or  <return>  to continue without it.


Underfull \hbox (badness 10000) in paragraph at lines 182--197

 []


Underfull \hbox (badness 10000) in paragraph at lines 182--197

 []


Underfull \hbox (badness 10000) in paragraph at lines 182--197

 []

[16]

! LaTeX Error: There's no line here to end.

See the LaTeX manual or LaTeX Companion for explanation.
Type  H <return>  for immediate help.
 ...                                              
                                                  
l.201 \ti
         
Your command was ignored.
Type  I <command> <return>  to replace it with another command,
or  <return>  to continue without it.


Underfull \hbox (badness 10000) in paragraph at lines 202--222

 []


Underfull \hbox (badness 10000) in paragraph at lines 202--222

 []

[17]

! LaTeX Error: There's no line here to end.

See the LaTeX manual or LaTeX Companion for explanation.
Type  H <return>  for immediate help.
 ...                                              
                                                  
l.226 \ti
         
Your command was ignored.
Type  I <command> <return>  to replace it with another command,
or  <return>  to continue without it.


Underfull \hbox (badness 10000) in paragraph at lines 227--237

 []


Underfull \hbox (badness 10000) in paragraph at lines 227--237

 []


! LaTeX Error: There's no line here to end.

See the LaTeX manual or LaTeX Companion for explanation.
Type  H <return>  for immediate help.
 ...                                              
                                                  
l.240 \ti
         
Your command was ignored.
Type  I <command> <return>  to replace it with another command,
or  <return>  to continue without it.


Underfull \hbox (badness 10000) in paragraph at lines 241--257

 []


Underfull \hbox (badness 10000) in paragraph at lines 241--257

 []


Underfull \hbox (badness 10000) in paragraph at lines 241--257

 []

[18]
Underfull \hbox (badness 10000) in paragraph at lines 261--273

 []


Underfull \hbox (badness 10000) in paragraph at lines 276--292

 []


Underfull \hbox (badness 10000) in paragraph at lines 276--292

 []


! LaTeX Error: There's no line here to end.

See the LaTeX manual or LaTeX Companion for explanation.
Type  H <return>  for immediate help.
 ...                                              
                                                  
l.296 \ti
         
Your command was ignored.
Type  I <command> <return>  to replace it with another command,
or  <return>  to continue without it.


Underfull \hbox (badness 10000) in paragraph at lines 297--307

 []


Underfull \hbox (badness 10000) in paragraph at lines 297--307

 []

[19]

! LaTeX Error: There's no line here to end.

See the LaTeX manual or LaTeX Companion for explanation.
Type  H <return>  for immediate help.
 ...                                              
                                                  
l.310 \ti
         
Your command was ignored.
Type  I <command> <return>  to replace it with another command,
or  <return>  to continue without it.


Underfull \hbox (badness 10000) in paragraph at lines 311--321

 []


Underfull \hbox (badness 10000) in paragraph at lines 311--321

 []

[20]

! LaTeX Error: There's no line here to end.

See the LaTeX manual or LaTeX Companion for explanation.
Type  H <return>  for immediate help.
 ...                                              
                                                  
l.325 \ti
         
Your command was ignored.
Type  I <command> <return>  to replace it with another command,
or  <return>  to continue without it.


Underfull \hbox (badness 10000) in paragraph at lines 326--336

 []


Underfull \hbox (badness 10000) in paragraph at lines 326--336

 []


! LaTeX Error: There's no line here to end.

See the LaTeX manual or LaTeX Companion for explanation.
Type  H <return>  for immediate help.
 ...                                              
                                                  
l.339 \ti
         
Your command was ignored.
Type  I <command> <return>  to replace it with another command,
or  <return>  to continue without it.

)
Underfull \hbox (badness 10000) in paragraph at lines 340--11

 []


Underfull \hbox (badness 10000) in paragraph at lines 340--11

 []

[21]
\openout2 = `refuge.aux'.

 (./refuge.tex

! LaTeX Error: There's no line here to end.

See the LaTeX manual or LaTeX Companion for explanation.
Type  H <return>  for immediate help.
 ...                                              
                                                  
l.4 \ti
       
Your command was ignored.
Type  I <command> <return>  to replace it with another command,
or  <return>  to continue without it.

)
Underfull \hbox (badness 10000) in paragraph at lines 5--12

 []


Underfull \hbox (badness 10000) in paragraph at lines 5--12

 []

[22



]
\openout2 = `bodhicitta.aux'.

 (./bodhicitta.tex)
Underfull \hbox (badness 10000) in paragraph at lines 6--13

 []


Underfull \hbox (badness 2662) in paragraph at lines 6--13
\TU/Geometria(1)/b/n/10 сяця в воді, Які блукають безкінечно серед гріхів самса
-
 []


Underfull \hbox (badness 10000) in paragraph at lines 6--13

 []


Underfull \hbox (badness 10000) in paragraph at lines 6--13

 []

[23



]
\openout2 = `purification.aux'.

 (./purification.tex

! LaTeX Error: There's no line here to end.

See the LaTeX manual or LaTeX Companion for explanation.
Type  H <return>  for immediate help.
 ...                                              
                                                  
l.3 \ti
       
Your command was ignored.
Type  I <command> <return>  to replace it with another command,
or  <return>  to continue without it.


Underfull \hbox (badness 10000) in paragraph at lines 4--33

 []

[24



]
Underfull \hbox (badness 10000) in paragraph at lines 37--73

 []


Underfull \hbox (badness 10000) in paragraph at lines 37--73

 []


Underfull \hbox (badness 10000) in paragraph at lines 37--73

 []


Underfull \hbox (badness 10000) in paragraph at lines 37--73

 []

[25]
Underfull \hbox (badness 10000) in paragraph at lines 76--100

 []


Underfull \hbox (badness 10000) in paragraph at lines 76--100

 []

)
Underfull \hbox (badness 10000) in paragraph at lines 103--14

 []


Underfull \hbox (badness 10000) in paragraph at lines 103--14

 []


Underfull \hbox (badness 10000) in paragraph at lines 103--14

 []

[26]
\openout2 = `mandala.aux'.

 (./mandala.tex

! LaTeX Error: There's no line here to end.

See the LaTeX manual or LaTeX Companion for explanation.
Type  H <return>  for immediate help.
 ...                                              
                                                  
l.5 \ti
       
Your command was ignored.
Type  I <command> <return>  to replace it with another command,
or  <return>  to continue without it.


Underfull \hbox (badness 10000) in paragraph at lines 6--18

 []


Underfull \hbox (badness 10000) in paragraph at lines 6--18

 []


! LaTeX Error: There's no line here to end.

See the LaTeX manual or LaTeX Companion for explanation.
Type  H <return>  for immediate help.
 ...                                              
                                                  
l.21 \ti
        
Your command was ignored.
Type  I <command> <return>  to replace it with another command,
or  <return>  to continue without it.


Underfull \hbox (badness 10000) in paragraph at lines 22--32

 []


Underfull \hbox (badness 10000) in paragraph at lines 22--32

 []

[27



]

! LaTeX Error: There's no line here to end.

See the LaTeX manual or LaTeX Companion for explanation.
Type  H <return>  for immediate help.
 ...                                              
                                                  
l.36 \ti
        
Your command was ignored.
Type  I <command> <return>  to replace it with another command,
or  <return>  to continue without it.


Underfull \hbox (badness 10000) in paragraph at lines 37--47

 []


Underfull \hbox (badness 10000) in paragraph at lines 37--47

 []

) [28]
\openout2 = `kusali.aux'.

 (./kusali.tex

! LaTeX Error: There's no line here to end.

See the LaTeX manual or LaTeX Companion for explanation.
Type  H <return>  for immediate help.
 ...                                              
                                                  
l.4 \ti
       
Your command was ignored.
Type  I <command> <return>  to replace it with another command,
or  <return>  to continue without it.


Underfull \hbox (badness 10000) in paragraph at lines 5--29

 []


Underfull \hbox (badness 10000) in paragraph at lines 5--29

 []


! LaTeX Error: There's no line here to end.

See the LaTeX manual or LaTeX Companion for explanation.
Type  H <return>  for immediate help.
 ...                                              
                                                  
l.31 \ti
        
Your command was ignored.
Type  I <command> <return>  to replace it with another command,
or  <return>  to continue without it.

[29



])
Underfull \hbox (badness 10000) in paragraph at lines 36--16

 []


Underfull \hbox (badness 10000) in paragraph at lines 36--16

 []

[30]
\openout2 = `guruyoga.aux'.

 (./guruyoga.tex

! LaTeX Error: There's no line here to end.

See the LaTeX manual or LaTeX Companion for explanation.
Type  H <return>  for immediate help.
 ...                                              
                                                  
l.4 \subsection
               {Візуалізація}
Your command was ignored.
Type  I <command> <return>  to replace it with another command,
or  <return>  to continue without it.


! LaTeX Error: There's no line here to end.

See the LaTeX manual or LaTeX Companion for explanation.
Type  H <return>  for immediate help.
 ...                                              
                                                  
l.6 \ti
       
Your command was ignored.
Type  I <command> <return>  to replace it with another command,
or  <return>  to continue without it.


Underfull \hbox (badness 10000) in paragraph at lines 7--30

 []

[31



]

! LaTeX Error: There's no line here to end.

See the LaTeX manual or LaTeX Companion for explanation.
Type  H <return>  for immediate help.
 ...                                              
                                                  
l.32 О
      М А ХУМ\\
Your command was ignored.
Type  I <command> <return>  to replace it with another command,
or  <return>  to continue without it.


Underfull \hbox (badness 10000) in paragraph at lines 32--55

 []

[32]
Underfull \hbox (badness 10000) in paragraph at lines 60--96

 []


Underfull \hbox (badness 10000) in paragraph at lines 60--96

 []


Underfull \hbox (badness 10000) in paragraph at lines 60--96

 []

[33]
Underfull \hbox (badness 10000) in paragraph at lines 100--131

 []


Underfull \hbox (badness 10000) in paragraph at lines 135--155

 []


Underfull \hbox (badness 10000) in paragraph at lines 135--155

 []


Underfull \vbox (badness 10000) has occurred while \output is active []

 [34]
[35]
Underfull \hbox (badness 10000) in paragraph at lines 159--177

 []


Underfull \hbox (badness 10000) in paragraph at lines 159--177

 []

[36]
Underfull \hbox (badness 10000) in paragraph at lines 182--200

 []


! LaTeX Error: There's no line here to end.

See the LaTeX manual or LaTeX Companion for explanation.
Type  H <return>  for immediate help.
 ...                                              
                                                  
l.202 \vspace
             {0.5cm}
Your command was ignored.
Type  I <command> <return>  to replace it with another command,
or  <return>  to continue without it.


! LaTeX Error: There's no line here to end.

See the LaTeX manual or LaTeX Companion for explanation.
Type  H <return>  for immediate help.
 ...                                              
                                                  
l.204 \ti
          ཨོཾ་ཨཱཿཧཱུྂ་བཛྲ་གུ་རུ་པདྨ་སིདྡྷི་ཧཱུྂ༔\\
Your command was ignored.
Type  I <command> <return>  to replace it with another command,
or  <return>  to continue without it.


Underfull \hbox (badness 10000) in paragraph at lines 204--207

 []


Underfull \hbox (badness 10000) in paragraph at lines 204--207

 []

) [37]
\openout2 = `lineage.aux'.

 (./lineage.tex

! LaTeX Error: There's no line here to end.

See the LaTeX manual or LaTeX Companion for explanation.
Type  H <return>  for immediate help.
 ...                                              
                                                  
l.3 \subsection
               {Молитва лінії передачі}
Your command was ignored.
Type  I <command> <return>  to replace it with another command,
or  <return>  to continue without it.


Underfull \hbox (badness 10000) in paragraph at lines 6--32

 []


Underfull \hbox (badness 10000) in paragraph at lines 6--32

 []

[38



]
Underfull \hbox (badness 10000) in paragraph at lines 34--90

 []


Underfull \hbox (badness 10000) in paragraph at lines 34--90

 []


Underfull \hbox (badness 10000) in paragraph at lines 34--90

 []


Underfull \hbox (badness 10000) in paragraph at lines 34--90

 []

[39]
Underfull \hbox (badness 10000) in paragraph at lines 93--128

 []


Underfull \hbox (badness 10000) in paragraph at lines 93--128

 []


Underfull \vbox (badness 10000) has occurred while \output is active []

 [40]
Underfull \hbox (badness 10000) in paragraph at lines 132--149

 []


Underfull \hbox (badness 10000) in paragraph at lines 132--149

 []

[41]
Underfull \hbox (badness 10000) in paragraph at lines 154--176

 []


Underfull \hbox (badness 10000) in paragraph at lines 154--176

 []

[42])
Underfull \hbox (badness 10000) in paragraph at lines 181--18

 []


Underfull \hbox (badness 10000) in paragraph at lines 181--18

 []

[43]
\openout2 = `empowerments.aux'.

 (./empowerments.tex

! LaTeX Error: There's no line here to end.

See the LaTeX manual or LaTeX Companion for explanation.
Type  H <return>  for immediate help.
 ...                                              
                                                  
l.3 \subsection
               {Посвята вази}
Your command was ignored.
Type  I <command> <return>  to replace it with another command,
or  <return>  to continue without it.


! LaTeX Error: There's no line here to end.

See the LaTeX manual or LaTeX Companion for explanation.
Type  H <return>  for immediate help.
 ...                                              
                                                  
l.5 \ti
       
Your command was ignored.
Type  I <command> <return>  to replace it with another command,
or  <return>  to continue without it.


Underfull \hbox (badness 10000) in paragraph at lines 6--25

 []


Underfull \hbox (badness 2088) in paragraph at lines 6--25
\TU/Geometria(1)/b/n/10 Злу карму, тілом створену, й затьмарення каналів, серце
м
 []


Underfull \hbox (badness 10000) in paragraph at lines 6--25

 []

[44



]

! LaTeX Error: There's no line here to end.

See the LaTeX manual or LaTeX Companion for explanation.
Type  H <return>  for immediate help.
 ...                                              
                                                  
l.29 \ti
        
Your command was ignored.
Type  I <command> <return>  to replace it with another command,
or  <return>  to continue without it.


Underfull \hbox (badness 10000) in paragraph at lines 30--49

 []


Underfull \hbox (badness 10000) in paragraph at lines 30--49

 []

[45]

! LaTeX Error: There's no line here to end.

See the LaTeX manual or LaTeX Companion for explanation.
Type  H <return>  for immediate help.
 ...                                              
                                                  
l.53 \ti
        
Your command was ignored.
Type  I <command> <return>  to replace it with another command,
or  <return>  to continue without it.


Underfull \hbox (badness 10000) in paragraph at lines 54--72

 []


Underfull \hbox (badness 10000) in paragraph at lines 54--72

 []

[46]

! LaTeX Error: There's no line here to end.

See the LaTeX manual or LaTeX Companion for explanation.
Type  H <return>  for immediate help.
 ...                                              
                                                  
l.76 \ti
        
Your command was ignored.
Type  I <command> <return>  to replace it with another command,
or  <return>  to continue without it.


Underfull \hbox (badness 10000) in paragraph at lines 77--102

 []


Underfull \hbox (badness 10000) in paragraph at lines 77--102

 []


Underfull \hbox (badness 10000) in paragraph at lines 77--102

 []


Underfull \hbox (badness 10000) in paragraph at lines 77--102

 []


Underfull \hbox (badness 10000) in paragraph at lines 77--102

 []

[47]

! LaTeX Error: There's no line here to end.

See the LaTeX manual or LaTeX Companion for explanation.
Type  H <return>  for immediate help.
 ...                                              
                                                  
l.105 \ti
         
Your command was ignored.
Type  I <command> <return>  to replace it with another command,
or  <return>  to continue without it.

)
Underfull \hbox (badness 10000) in paragraph at lines 106--19

 []


Underfull \hbox (badness 10000) in paragraph at lines 106--19

 []

[48]
\openout2 = `finalization.aux'.

 (./finalization.tex

! LaTeX Error: There's no line here to end.

See the LaTeX manual or LaTeX Companion for explanation.
Type  H <return>  for immediate help.
 ...                                              
                                                  
l.3 \subsection
               {Молитва до корінного учителя}
Your command was ignored.
Type  I <command> <return>  to replace it with another command,
or  <return>  to continue without it.


! LaTeX Error: There's no line here to end.

See the LaTeX manual or LaTeX Companion for explanation.
Type  H <return>  for immediate help.
 ...                                              
                                                  
l.5 \ti
       
Your command was ignored.
Type  I <command> <return>  to replace it with another command,
or  <return>  to continue without it.


Underfull \hbox (badness 10000) in paragraph at lines 6--40

 []


Underfull \hbox (badness 10000) in paragraph at lines 6--40

 []


Underfull \hbox (badness 10000) in paragraph at lines 6--40

 []


Underfull \hbox (badness 10000) in paragraph at lines 6--40

 []


Underfull \hbox (badness 10000) in paragraph at lines 6--40

 []

[49



]

! LaTeX Error: There's no line here to end.

See the LaTeX manual or LaTeX Companion for explanation.
Type  H <return>  for immediate help.
 ...                                              
                                                  
l.44 \ti
        
Your command was ignored.
Type  I <command> <return>  to replace it with another command,
or  <return>  to continue without it.


Underfull \hbox (badness 10000) in paragraph at lines 45--71

 []


Underfull \hbox (badness 10000) in paragraph at lines 45--71

 []

[50]

! LaTeX Error: There's no line here to end.

See the LaTeX manual or LaTeX Companion for explanation.
Type  H <return>  for immediate help.
 ...                                              
                                                  
l.75 \ti
        
Your command was ignored.
Type  I <command> <return>  to replace it with another command,
or  <return>  to continue without it.


Underfull \hbox (badness 10000) in paragraph at lines 76--105

 []


Underfull \hbox (badness 10000) in paragraph at lines 76--105

 []


Underfull \hbox (badness 10000) in paragraph at lines 76--105

 []


Underfull \hbox (badness 10000) in paragraph at lines 76--105

 []


Underfull \hbox (badness 10000) in paragraph at lines 76--105

 []

[51]
Underfull \hbox (badness 10000) in paragraph at lines 106--126

 []

) [52] (./nendro.aux (./copy.aux) (./speech.aux) (./invocation.aux)
(./four.thoughts.aux) (./refuge.aux) (./bodhicitta.aux) (./purification.aux)
(./mandala.aux) (./kusali.aux) (./guruyoga.aux) (./lineage.aux)
(./empowerments.aux) (./finalization.aux))

LaTeX Font Warning: Some font shapes were not available, defaults substituted.

 ) 
Here is how much of TeX's memory you used:
 5065 strings out of 476191
 136526 string characters out of 5812072
 497676 words of memory out of 5000000
 25682 multiletter control sequences out of 15000+600000
 469491 words of font info for 57 fonts, out of 8000000 for 9000
 1348 hyphenation exceptions out of 8191
 78i,6n,80p,267b,354s stack positions out of 5000i,500n,10000p,200000b,80000s

Output written on nendro.pdf (52 pages).
